patching file .cmake.conf
patching file dependencies.yaml
patching file examples/multimedia/audiosource/CMakeLists.txt
patching file examples/multimedia/audiosource/Info.plist.in
patching file examples/multimedia/devices/CMakeLists.txt
patching file examples/multimedia/devices/devices.pro
patching file include/QtMultimedia/6.4.2/QtMultimedia/private/qabstractvideobuffer_p.h
patching file include/QtMultimedia/6.4.2/QtMultimedia/private/qalsaaudiodevice_p.h
patching file include/QtMultimedia/6.4.2/QtMultimedia/private/qalsaaudiosink_p.h
patching file include/QtMultimedia/6.4.2/QtMultimedia/private/qalsaaudiosource_p.h
patching file include/QtMultimedia/6.4.2/QtMultimedia/private/qalsamediadevices_p.h
patching file include/QtMultimedia/6.4.2/QtMultimedia/private/qandroidaudiodevice_p.h
patching file include/QtMultimedia/6.4.2/QtMultimedia/private/qandroidaudiosink_p.h
patching file include/QtMultimedia/6.4.2/QtMultimedia/private/qandroidaudiosource_p.h
patching file include/QtMultimedia/6.4.2/QtMultimedia/private/qandroidmediadevices_p.h
patching file include/QtMultimedia/6.4.2/QtMultimedia/private/qaudiodevice_p.h
patching file include/QtMultimedia/6.4.2/QtMultimedia/private/qaudioengine_pulse_p.h
patching file include/QtMultimedia/6.4.2/QtMultimedia/private/qaudiohelpers_p.h
patching file include/QtMultimedia/6.4.2/QtMultimedia/private/qaudiosystem_p.h
patching file include/QtMultimedia/6.4.2/QtMultimedia/private/qcameradevice_p.h
patching file include/QtMultimedia/6.4.2/QtMultimedia/private/qcamera_p.h
patching file include/QtMultimedia/6.4.2/QtMultimedia/private/qcoreaudiosessionmanager_p.h
patching file include/QtMultimedia/6.4.2/QtMultimedia/private/qcoreaudioutils_p.h
patching file include/QtMultimedia/6.4.2/QtMultimedia/private/qdarwinaudiodevice_p.h
patching file include/QtMultimedia/6.4.2/QtMultimedia/private/qdarwinaudiosink_p.h
patching file include/QtMultimedia/6.4.2/QtMultimedia/private/qdarwinaudiosource_p.h
patching file include/QtMultimedia/6.4.2/QtMultimedia/private/qdarwinmediadevices_p.h
patching file include/QtMultimedia/6.4.2/QtMultimedia/private/qmediaplayer_p.h
patching file include/QtMultimedia/6.4.2/QtMultimedia/private/qmediarecorder_p.h
patching file include/QtMultimedia/6.4.2/QtMultimedia/private/qmediastoragelocation_p.h
patching file include/QtMultimedia/6.4.2/QtMultimedia/private/qmemoryvideobuffer_p.h
patching file include/QtMultimedia/6.4.2/QtMultimedia/private/qmultimediautils_p.h
patching file include/QtMultimedia/6.4.2/QtMultimedia/private/qopenslesengine_p.h
patching file include/QtMultimedia/6.4.2/QtMultimedia/private/qplatformaudiodecoder_p.h
patching file include/QtMultimedia/6.4.2/QtMultimedia/private/qplatformaudioinput_p.h
patching file include/QtMultimedia/6.4.2/QtMultimedia/private/qplatformaudiooutput_p.h
patching file include/QtMultimedia/6.4.2/QtMultimedia/private/qplatformcamera_p.h
patching file include/QtMultimedia/6.4.2/QtMultimedia/private/qplatformimagecapture_p.h
patching file include/QtMultimedia/6.4.2/QtMultimedia/private/qplatformmediacapture_p.h
patching file include/QtMultimedia/6.4.2/QtMultimedia/private/qplatformmediadevices_p.h
patching file include/QtMultimedia/6.4.2/QtMultimedia/private/qplatformmediaformatinfo_p.h
patching file include/QtMultimedia/6.4.2/QtMultimedia/private/qplatformmediaintegration_p.h
patching file include/QtMultimedia/6.4.2/QtMultimedia/private/qplatformmediaplayer_p.h
patching file include/QtMultimedia/6.4.2/QtMultimedia/private/qplatformmediaplugin_p.h
patching file include/QtMultimedia/6.4.2/QtMultimedia/private/qplatformmediarecorder_p.h
patching file include/QtMultimedia/6.4.2/QtMultimedia/private/qplatformvideodevices_p.h
patching file include/QtMultimedia/6.4.2/QtMultimedia/private/qplatformvideosink_p.h
patching file include/QtMultimedia/6.4.2/QtMultimedia/private/qpulseaudiodevice_p.h
patching file include/QtMultimedia/6.4.2/QtMultimedia/private/qpulseaudiomediadevices_p.h
patching file include/QtMultimedia/6.4.2/QtMultimedia/private/qpulseaudiosink_p.h
patching file include/QtMultimedia/6.4.2/QtMultimedia/private/qpulseaudiosource_p.h
patching file include/QtMultimedia/6.4.2/QtMultimedia/private/qpulsehelpers_p.h
patching file include/QtMultimedia/6.4.2/QtMultimedia/private/qqnxaudiodevice_p.h
patching file include/QtMultimedia/6.4.2/QtMultimedia/private/qqnxaudiosink_p.h
patching file include/QtMultimedia/6.4.2/QtMultimedia/private/qqnxaudiosource_p.h
patching file include/QtMultimedia/6.4.2/QtMultimedia/private/qqnxaudioutils_p.h
patching file include/QtMultimedia/6.4.2/QtMultimedia/private/qqnxmediadevices_p.h
patching file include/QtMultimedia/6.4.2/QtMultimedia/private/qsamplecache_p.h
patching file include/QtMultimedia/6.4.2/QtMultimedia/private/qtmultimediaglobal_p.h
patching file include/QtMultimedia/6.4.2/QtMultimedia/private/qvideoframeconversionhelper_p.h
patching file include/QtMultimedia/6.4.2/QtMultimedia/private/qvideoframeconverter_p.h
patching file include/QtMultimedia/6.4.2/QtMultimedia/private/qvideooutputorientationhandler_p.h
patching file include/QtMultimedia/6.4.2/QtMultimedia/private/qvideotexturehelper_p.h
patching file include/QtMultimedia/6.4.2/QtMultimedia/private/qvideowindow_p.h
patching file include/QtMultimedia/6.4.2/QtMultimedia/private/qwasmaudiodevice_p.h
patching file include/QtMultimedia/6.4.2/QtMultimedia/private/qwasmaudiosink_p.h
patching file include/QtMultimedia/6.4.2/QtMultimedia/private/qwasmaudiosource_p.h
patching file include/QtMultimedia/6.4.2/QtMultimedia/private/qwasmmediadevices_p.h
patching file include/QtMultimedia/6.4.2/QtMultimedia/private/qwindowsaudiodevice_p.h
patching file include/QtMultimedia/6.4.2/QtMultimedia/private/qwindowsaudiosink_p.h
patching file include/QtMultimedia/6.4.2/QtMultimedia/private/qwindowsaudiosource_p.h
patching file include/QtMultimedia/6.4.2/QtMultimedia/private/qwindowsaudioutils_p.h
patching file include/QtMultimedia/6.4.2/QtMultimedia/private/qwindowsiupointer_p.h
patching file include/QtMultimedia/6.4.2/QtMultimedia/private/qwindowsmediadevices_p.h
patching file include/QtMultimedia/6.4.2/QtMultimedia/private/qwindowsmediafoundation_p.h
patching file include/QtMultimedia/6.4.2/QtMultimedia/private/qwindowsmfdefs_p.h
patching file include/QtMultimedia/6.4.2/QtMultimedia/private/qwindowsmultimediautils_p.h
patching file include/QtMultimedia/6.4.2/QtMultimedia/private/qwindowsresampler_p.h
patching file include/QtMultimedia/6.4.3/QtMultimedia/private/qabstractvideobuffer_p.h
patching file include/QtMultimedia/6.4.3/QtMultimedia/private/qalsaaudiodevice_p.h
patching file include/QtMultimedia/6.4.3/QtMultimedia/private/qalsaaudiosink_p.h
patching file include/QtMultimedia/6.4.3/QtMultimedia/private/qalsaaudiosource_p.h
patching file include/QtMultimedia/6.4.3/QtMultimedia/private/qalsamediadevices_p.h
patching file include/QtMultimedia/6.4.3/QtMultimedia/private/qandroidaudiodevice_p.h
patching file include/QtMultimedia/6.4.3/QtMultimedia/private/qandroidaudiosink_p.h
patching file include/QtMultimedia/6.4.3/QtMultimedia/private/qandroidaudiosource_p.h
patching file include/QtMultimedia/6.4.3/QtMultimedia/private/qandroidmediadevices_p.h
patching file include/QtMultimedia/6.4.3/QtMultimedia/private/qaudiodevice_p.h
patching file include/QtMultimedia/6.4.3/QtMultimedia/private/qaudioengine_pulse_p.h
patching file include/QtMultimedia/6.4.3/QtMultimedia/private/qaudiohelpers_p.h
patching file include/QtMultimedia/6.4.3/QtMultimedia/private/qaudiosystem_p.h
patching file include/QtMultimedia/6.4.3/QtMultimedia/private/qcameradevice_p.h
patching file include/QtMultimedia/6.4.3/QtMultimedia/private/qcamera_p.h
patching file include/QtMultimedia/6.4.3/QtMultimedia/private/qcoreaudiosessionmanager_p.h
patching file include/QtMultimedia/6.4.3/QtMultimedia/private/qcoreaudioutils_p.h
patching file include/QtMultimedia/6.4.3/QtMultimedia/private/qdarwinaudiodevice_p.h
patching file include/QtMultimedia/6.4.3/QtMultimedia/private/qdarwinaudiosink_p.h
patching file include/QtMultimedia/6.4.3/QtMultimedia/private/qdarwinaudiosource_p.h
patching file include/QtMultimedia/6.4.3/QtMultimedia/private/qdarwinmediadevices_p.h
patching file include/QtMultimedia/6.4.3/QtMultimedia/private/qmacosaudiodatautils_p.h
patching file include/QtMultimedia/6.4.3/QtMultimedia/private/qmediaplayer_p.h
patching file include/QtMultimedia/6.4.3/QtMultimedia/private/qmediarecorder_p.h
patching file include/QtMultimedia/6.4.3/QtMultimedia/private/qmediastoragelocation_p.h
patching file include/QtMultimedia/6.4.3/QtMultimedia/private/qmemoryvideobuffer_p.h
patching file include/QtMultimedia/6.4.3/QtMultimedia/private/qmultimediautils_p.h
patching file include/QtMultimedia/6.4.3/QtMultimedia/private/qopenslesengine_p.h
patching file include/QtMultimedia/6.4.3/QtMultimedia/private/qplatformaudiodecoder_p.h
patching file include/QtMultimedia/6.4.3/QtMultimedia/private/qplatformaudioinput_p.h
patching file include/QtMultimedia/6.4.3/QtMultimedia/private/qplatformaudiooutput_p.h
patching file include/QtMultimedia/6.4.3/QtMultimedia/private/qplatformcamera_p.h
patching file include/QtMultimedia/6.4.3/QtMultimedia/private/qplatformimagecapture_p.h
patching file include/QtMultimedia/6.4.3/QtMultimedia/private/qplatformmediacapture_p.h
patching file include/QtMultimedia/6.4.3/QtMultimedia/private/qplatformmediadevices_p.h
patching file include/QtMultimedia/6.4.3/QtMultimedia/private/qplatformmediaformatinfo_p.h
patching file include/QtMultimedia/6.4.3/QtMultimedia/private/qplatformmediaintegration_p.h
patching file include/QtMultimedia/6.4.3/QtMultimedia/private/qplatformmediaplayer_p.h
patching file include/QtMultimedia/6.4.3/QtMultimedia/private/qplatformmediaplugin_p.h
patching file include/QtMultimedia/6.4.3/QtMultimedia/private/qplatformmediarecorder_p.h
patching file include/QtMultimedia/6.4.3/QtMultimedia/private/qplatformvideodevices_p.h
patching file include/QtMultimedia/6.4.3/QtMultimedia/private/qplatformvideosink_p.h
patching file include/QtMultimedia/6.4.3/QtMultimedia/private/qpulseaudiodevice_p.h
patching file include/QtMultimedia/6.4.3/QtMultimedia/private/qpulseaudiomediadevices_p.h
patching file include/QtMultimedia/6.4.3/QtMultimedia/private/qpulseaudiosink_p.h
patching file include/QtMultimedia/6.4.3/QtMultimedia/private/qpulseaudiosource_p.h
patching file include/QtMultimedia/6.4.3/QtMultimedia/private/qpulsehelpers_p.h
patching file include/QtMultimedia/6.4.3/QtMultimedia/private/qqnxaudiodevice_p.h
patching file include/QtMultimedia/6.4.3/QtMultimedia/private/qqnxaudiosink_p.h
patching file include/QtMultimedia/6.4.3/QtMultimedia/private/qqnxaudiosource_p.h
patching file include/QtMultimedia/6.4.3/QtMultimedia/private/qqnxaudioutils_p.h
patching file include/QtMultimedia/6.4.3/QtMultimedia/private/qqnxmediadevices_p.h
patching file include/QtMultimedia/6.4.3/QtMultimedia/private/qsamplecache_p.h
patching file include/QtMultimedia/6.4.3/QtMultimedia/private/qtmultimediaglobal_p.h
patching file include/QtMultimedia/6.4.3/QtMultimedia/private/qvideoframeconversionhelper_p.h
patching file include/QtMultimedia/6.4.3/QtMultimedia/private/qvideoframeconverter_p.h
patching file include/QtMultimedia/6.4.3/QtMultimedia/private/qvideooutputorientationhandler_p.h
patching file include/QtMultimedia/6.4.3/QtMultimedia/private/qvideotexturehelper_p.h
patching file include/QtMultimedia/6.4.3/QtMultimedia/private/qvideowindow_p.h
patching file include/QtMultimedia/6.4.3/QtMultimedia/private/qwasmaudiodevice_p.h
patching file include/QtMultimedia/6.4.3/QtMultimedia/private/qwasmaudiosink_p.h
patching file include/QtMultimedia/6.4.3/QtMultimedia/private/qwasmaudiosource_p.h
patching file include/QtMultimedia/6.4.3/QtMultimedia/private/qwasmmediadevices_p.h
patching file include/QtMultimedia/6.4.3/QtMultimedia/private/qwindowsaudiodevice_p.h
patching file include/QtMultimedia/6.4.3/QtMultimedia/private/qwindowsaudiosink_p.h
patching file include/QtMultimedia/6.4.3/QtMultimedia/private/qwindowsaudiosource_p.h
patching file include/QtMultimedia/6.4.3/QtMultimedia/private/qwindowsaudioutils_p.h
patching file include/QtMultimedia/6.4.3/QtMultimedia/private/qwindowsiupointer_p.h
patching file include/QtMultimedia/6.4.3/QtMultimedia/private/qwindowsmediadevices_p.h
patching file include/QtMultimedia/6.4.3/QtMultimedia/private/qwindowsmediafoundation_p.h
patching file include/QtMultimedia/6.4.3/QtMultimedia/private/qwindowsmfdefs_p.h
patching file include/QtMultimedia/6.4.3/QtMultimedia/private/qwindowsmultimediautils_p.h
patching file include/QtMultimedia/6.4.3/QtMultimedia/private/qwindowsresampler_p.h
patching file include/QtMultimedia/headers.pri
patching file include/QtMultimedia/qtmultimediaversion.h
patching file include/QtMultimediaQuick/6.4.2/QtMultimediaQuick/private/qquickimagecapture_p.h
patching file include/QtMultimediaQuick/6.4.2/QtMultimediaQuick/private/qquickimagepreviewprovider_p.h
patching file include/QtMultimediaQuick/6.4.2/QtMultimediaQuick/private/qquickmediaplayer_p.h
patching file include/QtMultimediaQuick/6.4.2/QtMultimediaQuick/private/qquickplaylist_p.h
patching file include/QtMultimediaQuick/6.4.2/QtMultimediaQuick/private/qquicksoundeffect_p.h
patching file include/QtMultimediaQuick/6.4.2/QtMultimediaQuick/private/qquickvideooutput_p.h
patching file include/QtMultimediaQuick/6.4.2/QtMultimediaQuick/private/qsgvideonode_p.h
patching file include/QtMultimediaQuick/6.4.2/QtMultimediaQuick/private/qsgvideotexture_p.h
patching file include/QtMultimediaQuick/6.4.2/QtMultimediaQuick/private/qtmultimediaquickglobal_p.h
patching file include/QtMultimediaQuick/6.4.2/QtMultimediaQuick/private/qtmultimediaquicktypes_p.h
patching file include/QtMultimediaQuick/6.4.3/QtMultimediaQuick/private/qquickimagecapture_p.h
patching file include/QtMultimediaQuick/6.4.3/QtMultimediaQuick/private/qquickimagepreviewprovider_p.h
patching file include/QtMultimediaQuick/6.4.3/QtMultimediaQuick/private/qquickmediaplayer_p.h
patching file include/QtMultimediaQuick/6.4.3/QtMultimediaQuick/private/qquickplaylist_p.h
patching file include/QtMultimediaQuick/6.4.3/QtMultimediaQuick/private/qquicksoundeffect_p.h
patching file include/QtMultimediaQuick/6.4.3/QtMultimediaQuick/private/qquickvideooutput_p.h
patching file include/QtMultimediaQuick/6.4.3/QtMultimediaQuick/private/qsgvideonode_p.h
patching file include/QtMultimediaQuick/6.4.3/QtMultimediaQuick/private/qsgvideotexture_p.h
patching file include/QtMultimediaQuick/6.4.3/QtMultimediaQuick/private/qtmultimediaquickglobal_p.h
patching file include/QtMultimediaQuick/6.4.3/QtMultimediaQuick/private/qtmultimediaquicktypes_p.h
patching file include/QtMultimediaQuick/qtmultimediaquickversion.h
patching file include/QtMultimediaWidgets/6.4.2/QtMultimediaWidgets/private/qvideowidget_p.h
patching file include/QtMultimediaWidgets/6.4.3/QtMultimediaWidgets/private/qvideowidget_p.h
patching file include/QtMultimediaWidgets/qtmultimediawidgetsversion.h
patching file include/QtQuick3DSpatialAudio/6.4.2/QtQuick3DSpatialAudio/private/qquick3dambientsound_p.h
patching file include/QtQuick3DSpatialAudio/6.4.2/QtQuick3DSpatialAudio/private/qquick3daudioengine_p.h
patching file include/QtQuick3DSpatialAudio/6.4.2/QtQuick3DSpatialAudio/private/qquick3daudiolistener_p.h
patching file include/QtQuick3DSpatialAudio/6.4.2/QtQuick3DSpatialAudio/private/qquick3daudioroom_p.h
patching file include/QtQuick3DSpatialAudio/6.4.2/QtQuick3DSpatialAudio/private/qquick3dspatialsound_p.h
patching file include/QtQuick3DSpatialAudio/6.4.2/QtQuick3DSpatialAudio/private/qtquick3daudioglobal_p.h
patching file include/QtQuick3DSpatialAudio/6.4.2/QtQuick3DSpatialAudio/private/qtquick3daudiotypes_p.h
patching file include/QtQuick3DSpatialAudio/6.4.3/QtQuick3DSpatialAudio/private/qquick3dambientsound_p.h
patching file include/QtQuick3DSpatialAudio/6.4.3/QtQuick3DSpatialAudio/private/qquick3daudioengine_p.h
patching file include/QtQuick3DSpatialAudio/6.4.3/QtQuick3DSpatialAudio/private/qquick3daudiolistener_p.h
patching file include/QtQuick3DSpatialAudio/6.4.3/QtQuick3DSpatialAudio/private/qquick3daudioroom_p.h
patching file include/QtQuick3DSpatialAudio/6.4.3/QtQuick3DSpatialAudio/private/qquick3dspatialsound_p.h
patching file include/QtQuick3DSpatialAudio/6.4.3/QtQuick3DSpatialAudio/private/qtquick3daudioglobal_p.h
patching file include/QtQuick3DSpatialAudio/6.4.3/QtQuick3DSpatialAudio/private/qtquick3daudiotypes_p.h
patching file include/QtQuick3DSpatialAudio/qtquick3dspatialaudioversion.h
patching file include/QtSpatialAudio/6.4.2/QtSpatialAudio/private/qambisonicdecoderdata_p.h
patching file include/QtSpatialAudio/6.4.2/QtSpatialAudio/private/qambisonicdecoder_p.h
patching file include/QtSpatialAudio/6.4.2/QtSpatialAudio/private/qaudioengine_p.h
patching file include/QtSpatialAudio/6.4.2/QtSpatialAudio/private/qaudioroom_p.h
patching file include/QtSpatialAudio/6.4.2/QtSpatialAudio/private/qspatialsound_p.h
patching file include/QtSpatialAudio/6.4.2/QtSpatialAudio/private/qtspatialaudioglobal_p.h
patching file include/QtSpatialAudio/6.4.3/QtSpatialAudio/private/qambisonicdecoderdata_p.h
patching file include/QtSpatialAudio/6.4.3/QtSpatialAudio/private/qambisonicdecoder_p.h
patching file include/QtSpatialAudio/6.4.3/QtSpatialAudio/private/qaudioengine_p.h
patching file include/QtSpatialAudio/6.4.3/QtSpatialAudio/private/qaudioroom_p.h
patching file include/QtSpatialAudio/6.4.3/QtSpatialAudio/private/qspatialsound_p.h
patching file include/QtSpatialAudio/6.4.3/QtSpatialAudio/private/qtspatialaudioglobal_p.h
patching file include/QtSpatialAudio/qtspatialaudioversion.h
patching file .QT-ENTERPRISE-LICENSE-AGREEMENT
patching file src/android/jar/src/org/qtproject/qt/android/multimedia/QtAudioDeviceManager.java
patching file src/multimedia/alsa/qalsamediadevices.cpp
patching file src/multimedia/alsa/qalsamediadevices_p.h
patching file src/multimedia/audio/qaudiodevice.cpp
patching file src/multimedia/audio/qaudioformat.cpp
patching file src/multimedia/audio/qaudiosystem.cpp
patching file src/multimedia/audio/qaudiosystem_p.h
patching file src/multimedia/camera/qcamera.cpp
patching file src/multimedia/camera/qcameradevice.cpp
patching file src/multimedia/CMakeLists.txt
patching file src/multimedia/darwin/qcoreaudioutils_p.h
patching file src/multimedia/darwin/qdarwinaudiodevice.mm
patching file src/multimedia/darwin/qdarwinmediadevices.mm
patching file src/multimedia/darwin/qmacosaudiodatautils_p.h
patching file src/multimedia/doc/snippets/multimedia-snippets/audio.cpp
patching file src/multimedia/doc/snippets/multimedia-snippets/camera.cpp
patching file src/multimedia/platform/qplatformaudiodecoder.cpp
patching file src/multimedia/platform/qplatformmediacapture.cpp
patching file src/multimedia/platform/qplatformmediadevices.cpp
patching file src/multimedia/platform/qplatformmediadevices_p.h
patching file src/multimedia/platform/qplatformmediaplugin.cpp
patching file src/multimedia/platform/qplatformmediaplugin_p.h
patching file src/multimedia/pulseaudio/qpulseaudiomediadevices.cpp
patching file src/multimedia/pulseaudio/qpulseaudiomediadevices_p.h
patching file src/multimedia/pulseaudio/qpulseaudiosink.cpp
patching file src/multimedia/qmediaformat.cpp
patching file src/multimedia/qmediametadata.cpp
patching file src/multimedia/recording/qmediarecorder.cpp
patching file src/multimedia/video/qvideooutputorientationhandler.cpp
patching file src/multimedia/video/qvideosink.cpp
patching file src/multimedia/video/qvideowindow.cpp
patching file src/multimedia/wasm/qwasmmediadevices.cpp
patching file src/multimedia/wasm/qwasmmediadevices_p.h
patching file src/multimedia/windows/qwindowsmediafoundation_p.h
patching file src/multimediaquick/CMakeLists.txt
patching file src/multimediaquick/qquickmediaplayer.cpp
patching file src/multimediaquick/qquickmediaplayer_p.h
patching file src/multimediaquick/qquicksoundeffect.cpp
patching file src/multimediaquick/qquicksoundeffect_p.h
patching file src/multimediaquick/qsgvideonode_p.cpp
patching file src/multimediaquick/qtmultimediaquicktypes.cpp
patching file src/multimediaquick/Video.qml
patching file src/plugins/multimedia/android/audio/qandroidaudiodecoder.cpp
patching file src/plugins/multimedia/android/common/qandroidaudioinput.cpp
patching file src/plugins/multimedia/android/common/qandroidvideooutput.cpp
patching file src/plugins/multimedia/android/common/qandroidvideooutput_p.h
patching file src/plugins/multimedia/android/common/qandroidvideosink.cpp
patching file src/plugins/multimedia/android/mediacapture/qandroidcamera.cpp
patching file src/plugins/multimedia/android/mediacapture/qandroidcamera_p.h
patching file src/plugins/multimedia/android/mediacapture/qandroidcamerasession.cpp
patching file src/plugins/multimedia/android/mediacapture/qandroidcapturesession.cpp
patching file src/plugins/multimedia/android/mediacapture/qandroidcapturesession_p.h
patching file src/plugins/multimedia/android/mediacapture/qandroidimagecapture.cpp
patching file src/plugins/multimedia/android/mediacapture/qandroidmediacapturesession.cpp
patching file src/plugins/multimedia/android/mediaplayer/qandroidmediaplayer.cpp
patching file src/plugins/multimedia/android/mediaplayer/qandroidmetadata.cpp
patching file src/plugins/multimedia/android/wrappers/jni/androidcamera.cpp
patching file src/plugins/multimedia/android/wrappers/jni/androidmediaplayer.cpp
patching file src/plugins/multimedia/android/wrappers/jni/androidmediaplayer_p.h
patching file src/plugins/multimedia/android/wrappers/jni/androidmediarecorder.cpp
patching file src/plugins/multimedia/android/wrappers/jni/androidsurfacetexture.cpp
patching file src/plugins/multimedia/android/wrappers/jni/androidsurfaceview.cpp
patching file src/plugins/multimedia/darwin/avfaudiodecoder.mm
patching file src/plugins/multimedia/darwin/avfaudiodecoder_p.h
patching file src/plugins/multimedia/darwin/avfvideobuffer.mm
patching file src/plugins/multimedia/darwin/avfvideosink.mm
patching file src/plugins/multimedia/darwin/avfvideosink_p.h
patching file src/plugins/multimedia/darwin/camera/avfmediaencoder.mm
patching file src/plugins/multimedia/darwin/mediaplayer/avfdisplaylink.mm
patching file src/plugins/multimedia/darwin/mediaplayer/avfmediaplayer.mm
patching file src/plugins/multimedia/darwin/mediaplayer/avfmediaplayer_p.h
patching file src/plugins/multimedia/darwin/qavfhelpers.mm
patching file src/plugins/multimedia/ffmpeg/qffmpegaudiodecoder.cpp
patching file src/plugins/multimedia/ffmpeg/qffmpegaudioinput.cpp
patching file src/plugins/multimedia/ffmpeg/qffmpegdecoder.cpp
patching file src/plugins/multimedia/ffmpeg/qffmpegencoder.cpp
patching file src/plugins/multimedia/ffmpeg/qffmpegimagecapture.cpp
patching file src/plugins/multimedia/ffmpeg/qffmpegmediacapturesession.cpp
patching file src/plugins/multimedia/ffmpeg/qffmpegmediaplayer.cpp
patching file src/plugins/multimedia/ffmpeg/qffmpegmediarecorder.cpp
patching file src/plugins/multimedia/ffmpeg/qffmpegvideobuffer.cpp
patching file src/plugins/multimedia/ffmpeg/qffmpegvideosink.cpp
patching file src/plugins/multimedia/ffmpeg/qv4l2camera.cpp
patching file src/plugins/multimedia/gstreamer/audio/qgstreameraudiodecoder.cpp
patching file src/plugins/multimedia/gstreamer/audio/qgstreameraudiodevice.cpp
patching file src/plugins/multimedia/gstreamer/audio/qgstreameraudiosource.cpp
patching file src/plugins/multimedia/gstreamer/common/qgstappsrc.cpp
patching file src/plugins/multimedia/gstreamer/common/qgst_p.h
patching file src/plugins/multimedia/gstreamer/common/qgstreameraudioinput.cpp
patching file src/plugins/multimedia/gstreamer/common/qgstreameraudiooutput.cpp
patching file src/plugins/multimedia/gstreamer/common/qgstreamermediaplayer.cpp
patching file src/plugins/multimedia/gstreamer/common/qgstreamermediaplayer_p.h
patching file src/plugins/multimedia/gstreamer/common/qgstreamervideooutput.cpp
patching file src/plugins/multimedia/gstreamer/common/qgstreamervideooverlay.cpp
patching file src/plugins/multimedia/gstreamer/common/qgstreamervideosink.cpp
patching file src/plugins/multimedia/gstreamer/common/qgstreamervideosink_p.h
patching file src/plugins/multimedia/gstreamer/common/qgstsubtitlesink.cpp
patching file src/plugins/multimedia/gstreamer/common/qgstutils.cpp
patching file src/plugins/multimedia/gstreamer/common/qgstutils_p.h
patching file src/plugins/multimedia/gstreamer/common/qgstvideorenderersink.cpp
patching file src/plugins/multimedia/gstreamer/common/qgstvideorenderersink_p.h
patching file src/plugins/multimedia/gstreamer/mediacapture/qgstreamercamera.cpp
patching file src/plugins/multimedia/gstreamer/mediacapture/qgstreamerimagecapture.cpp
patching file src/plugins/multimedia/gstreamer/mediacapture/qgstreamerimagecapture_p.h
patching file src/plugins/multimedia/gstreamer/mediacapture/qgstreamermediacapture.cpp
patching file src/plugins/multimedia/gstreamer/mediacapture/qgstreamermediaencoder.cpp
patching file src/plugins/multimedia/gstreamer/qgstreamerformatinfo.cpp
patching file src/plugins/multimedia/gstreamer/qgstreamerformatinfo_p.h
patching file src/plugins/multimedia/gstreamer/qgstreamervideodevices.cpp
patching file src/plugins/multimedia/qnx/camera/qqnxcamera.cpp
patching file src/plugins/multimedia/qnx/camera/qqnximagecapture.cpp
patching file src/plugins/multimedia/qnx/camera/qqnxplatformcamera.cpp
patching file src/plugins/multimedia/qnx/capture/qqnxaudiorecorder.cpp
patching file src/plugins/multimedia/qnx/capture/qqnxmediacapturesession.cpp
patching file src/plugins/multimedia/qnx/common/qqnxmediaeventthread.cpp
patching file src/plugins/multimedia/qnx/common/qqnxwindowgrabber.cpp
patching file src/plugins/multimedia/qnx/mediaplayer/qqnxmediaplayer.cpp
patching file src/plugins/multimedia/qnx/mediaplayer/qqnxvideosink.cpp
patching file src/plugins/multimedia/windows/decoder/mfaudiodecodercontrol.cpp
patching file src/plugins/multimedia/windows/decoder/mfaudiodecodercontrol_p.h
patching file src/plugins/multimedia/windows/decoder/mfdecodersourcereader.cpp
patching file src/plugins/multimedia/windows/decoder/mfdecodersourcereader_p.h
patching file src/plugins/multimedia/windows/evr/evrcustompresenter_p.h
patching file src/plugins/multimedia/windows/evr/evrd3dpresentengine_p.h
patching file src/plugins/multimedia/windows/evr/evrvideowindowcontrol.cpp
patching file src/plugins/multimedia/windows/mediacapture/qwindowscamera.cpp
patching file src/plugins/multimedia/windows/mediacapture/qwindowsimagecapture.cpp
patching file src/plugins/multimedia/windows/mediacapture/qwindowsmediacapture.cpp
patching file src/plugins/multimedia/windows/mediacapture/qwindowsmediadevicereader.cpp
patching file src/plugins/multimedia/windows/mediacapture/qwindowsmediadevicesession.cpp
patching file src/plugins/multimedia/windows/mediacapture/qwindowsmediaencoder.cpp
patching file src/plugins/multimedia/windows/mfstream.cpp
patching file src/plugins/multimedia/windows/mfstream_p.h
patching file src/plugins/multimedia/windows/player/mfplayercontrol_p.h
patching file src/plugins/multimedia/windows/player/mfplayersession.cpp
patching file src/plugins/multimedia/windows/player/mfplayersession_p.h
patching file src/plugins/multimedia/windows/player/mftvideo_p.h
patching file src/plugins/multimedia/windows/player/mfvideorenderercontrol.cpp
patching file src/plugins/multimedia/windows/player/mfvideorenderercontrol_p.h
patching file src/plugins/multimedia/windows/player/samplegrabber_p.h
patching file src/plugins/multimedia/windows/sourceresolver.cpp
patching file src/plugins/multimedia/windows/sourceresolver_p.h
patching file src/spatialaudio/doc/qtspatialaudio.qdocconf
patching file .tag
patching file tests/auto/integration/qaudiodecoderbackend/tst_qaudiodecoderbackend.cpp
patching file tests/auto/unit/multimediawidgets/qvideowidget/BLACKLIST
patching file util/macos_test_audio_config/CMakeLists.txt
patching file util/macos_test_audio_config/compile_and_run.sh
patching file util/macos_test_audio_config/main.cpp
patching file util/macos_test_audio_config/README
